

Microchip MPLAB XC8 Assembler V2.31 build 20201012212115 
                                                                                               Tue Aug 10 23:40:38 2021

Microchip MPLAB XC8 C Compiler v2.31 (Free license) build 20201012212115 Og1 
     1                           	processor	16F887
     2                           	pagewidth 120
     3                           	opt	flic
     4                           	psect	cinit,global,class=CODE,merge=1,delta=2
     5                           	psect	cstackCOMMON,global,class=COMMON,space=1,delta=1,noexec
     6                           	psect	cstackBANK0,global,class=BANK0,space=1,delta=1,noexec
     7                           	psect	maintext,global,class=CODE,split=1,delta=2
     8                           	psect	text1,local,class=CODE,merge=1,delta=2
     9                           	psect	text2,local,class=CODE,merge=1,delta=2
    10                           	psect	text3,local,class=CODE,merge=1,delta=2,group=1
    11                           	psect	text4,local,class=CODE,merge=1,delta=2
    12                           	psect	text5,local,class=CODE,merge=1,delta=2
    13                           	psect	text6,local,class=CODE,merge=1,delta=2
    14                           	psect	text7,local,class=CODE,merge=1,delta=2
    15                           	psect	text8,local,class=CODE,merge=1,delta=2
    16                           	psect	config,global,abs,ovrld,class=CONFIG,space=4,delta=2,noexec
    17                           	dabs	1,0x7E,2
    18  0000                     
    19                           ; Version 2.20
    20                           ; Generated 12/02/2020 GMT
    21                           ; 
    22                           ; Copyright © 2020, Microchip Technology Inc. and its subsidiaries ("Microchip")
    23                           ; All rights reserved.
    24                           ; 
    25                           ; This software is developed by Microchip Technology Inc. and its subsidiaries ("Microch
      +                          ip").
    26                           ; 
    27                           ; Redistribution and use in source and binary forms, with or without modification, are
    28                           ; permitted provided that the following conditions are met:
    29                           ; 
    30                           ;     1. Redistributions of source code must retain the above copyright notice, this lis
      +                          t of
    31                           ;        conditions and the following disclaimer.
    32                           ; 
    33                           ;     2. Redistributions in binary form must reproduce the above copyright notice, this 
      +                          list
    34                           ;        of conditions and the following disclaimer in the documentation and/or other
    35                           ;        materials provided with the distribution.
    36                           ; 
    37                           ;     3. Microchip's name may not be used to endorse or promote products derived from th
      +                          is
    38                           ;        software without specific prior written permission.
    39                           ; 
    40                           ; THIS SOFTWARE IS PROVIDED BY MICROCHIP "AS IS" AND ANY EXPRESS OR IMPLIED WARRANTIES,
    41                           ; INCLUDING, BUT NOT LIMITED TO, THE IMPLIED WARRANTIES OF MERCHANTABILITY AND FITNESS F
      +                          OR
    42                           ; PURPOSE ARE DISCLAIMED.  IN NO EVENT SHALL MICROCHIP BE LIABLE FOR ANY DIRECT, INDIREC
      +                          T,
    43                           ; INCIDENTAL, SPECIAL, EXEMPLARY, OR CONSEQUENTIAL DAMAGES (INCLUDING BUT NOT LIMITED TO
    44                           ; PROCUREMENT OF SUBSTITUTE GOODS OR SERVICES; LOSS OF USE, DATA OR PROFITS; OR BUSINESS
    45                           ; INTERRUPTION) HOWSOEVER CAUSED AND ON ANY THEORY OF LIABILITY, WHETHER IN CONTRACT, ST
      +                          RICT
    46                           ; LIABILITY, OR TORT (INCLUDING NEGLIGENCE OR OTHERWISE) ARISING IN ANY WAY OUT OF THE U
      +                          SE OF
    47                           ; THIS SOFTWARE, EVEN IF ADVISED OF THE POSSIBILITY OF SUCH DAMAGE.
    48                           ; 
    49                           ; 
    50                           ; Code-generator required, PIC16F887 Definitions
    51                           ; 
    52                           ; SFR Addresses
    53  0000                     	;# 
    54  0001                     	;# 
    55  0002                     	;# 
    56  0003                     	;# 
    57  0004                     	;# 
    58  0005                     	;# 
    59  0006                     	;# 
    60  0007                     	;# 
    61  0008                     	;# 
    62  0009                     	;# 
    63  000A                     	;# 
    64  000B                     	;# 
    65  000C                     	;# 
    66  000D                     	;# 
    67  000E                     	;# 
    68  000E                     	;# 
    69  000F                     	;# 
    70  0010                     	;# 
    71  0011                     	;# 
    72  0012                     	;# 
    73  0013                     	;# 
    74  0014                     	;# 
    75  0015                     	;# 
    76  0015                     	;# 
    77  0016                     	;# 
    78  0017                     	;# 
    79  0018                     	;# 
    80  0019                     	;# 
    81  001A                     	;# 
    82  001B                     	;# 
    83  001B                     	;# 
    84  001C                     	;# 
    85  001D                     	;# 
    86  001E                     	;# 
    87  001F                     	;# 
    88  0081                     	;# 
    89  0085                     	;# 
    90  0086                     	;# 
    91  0087                     	;# 
    92  0088                     	;# 
    93  0089                     	;# 
    94  008C                     	;# 
    95  008D                     	;# 
    96  008E                     	;# 
    97  008F                     	;# 
    98  0090                     	;# 
    99  0091                     	;# 
   100  0092                     	;# 
   101  0093                     	;# 
   102  0093                     	;# 
   103  0093                     	;# 
   104  0094                     	;# 
   105  0095                     	;# 
   106  0096                     	;# 
   107  0097                     	;# 
   108  0098                     	;# 
   109  0099                     	;# 
   110  009A                     	;# 
   111  009B                     	;# 
   112  009C                     	;# 
   113  009D                     	;# 
   114  009E                     	;# 
   115  009F                     	;# 
   116  0105                     	;# 
   117  0107                     	;# 
   118  0108                     	;# 
   119  0109                     	;# 
   120  010C                     	;# 
   121  010C                     	;# 
   122  010D                     	;# 
   123  010E                     	;# 
   124  010F                     	;# 
   125  0185                     	;# 
   126  0187                     	;# 
   127  0188                     	;# 
   128  0189                     	;# 
   129  018C                     	;# 
   130  018D                     	;# 
   131  0000                     	;# 
   132  0001                     	;# 
   133  0002                     	;# 
   134  0003                     	;# 
   135  0004                     	;# 
   136  0005                     	;# 
   137  0006                     	;# 
   138  0007                     	;# 
   139  0008                     	;# 
   140  0009                     	;# 
   141  000A                     	;# 
   142  000B                     	;# 
   143  000C                     	;# 
   144  000D                     	;# 
   145  000E                     	;# 
   146  000E                     	;# 
   147  000F                     	;# 
   148  0010                     	;# 
   149  0011                     	;# 
   150  0012                     	;# 
   151  0013                     	;# 
   152  0014                     	;# 
   153  0015                     	;# 
   154  0015                     	;# 
   155  0016                     	;# 
   156  0017                     	;# 
   157  0018                     	;# 
   158  0019                     	;# 
   159  001A                     	;# 
   160  001B                     	;# 
   161  001B                     	;# 
   162  001C                     	;# 
   163  001D                     	;# 
   164  001E                     	;# 
   165  001F                     	;# 
   166  0081                     	;# 
   167  0085                     	;# 
   168  0086                     	;# 
   169  0087                     	;# 
   170  0088                     	;# 
   171  0089                     	;# 
   172  008C                     	;# 
   173  008D                     	;# 
   174  008E                     	;# 
   175  008F                     	;# 
   176  0090                     	;# 
   177  0091                     	;# 
   178  0092                     	;# 
   179  0093                     	;# 
   180  0093                     	;# 
   181  0093                     	;# 
   182  0094                     	;# 
   183  0095                     	;# 
   184  0096                     	;# 
   185  0097                     	;# 
   186  0098                     	;# 
   187  0099                     	;# 
   188  009A                     	;# 
   189  009B                     	;# 
   190  009C                     	;# 
   191  009D                     	;# 
   192  009E                     	;# 
   193  009F                     	;# 
   194  0105                     	;# 
   195  0107                     	;# 
   196  0108                     	;# 
   197  0109                     	;# 
   198  010C                     	;# 
   199  010C                     	;# 
   200  010D                     	;# 
   201  010E                     	;# 
   202  010F                     	;# 
   203  0185                     	;# 
   204  0187                     	;# 
   205  0188                     	;# 
   206  0189                     	;# 
   207  018C                     	;# 
   208  018D                     	;# 
   209  0000                     	;# 
   210  0001                     	;# 
   211  0002                     	;# 
   212  0003                     	;# 
   213  0004                     	;# 
   214  0005                     	;# 
   215  0006                     	;# 
   216  0007                     	;# 
   217  0008                     	;# 
   218  0009                     	;# 
   219  000A                     	;# 
   220  000B                     	;# 
   221  000C                     	;# 
   222  000D                     	;# 
   223  000E                     	;# 
   224  000E                     	;# 
   225  000F                     	;# 
   226  0010                     	;# 
   227  0011                     	;# 
   228  0012                     	;# 
   229  0013                     	;# 
   230  0014                     	;# 
   231  0015                     	;# 
   232  0015                     	;# 
   233  0016                     	;# 
   234  0017                     	;# 
   235  0018                     	;# 
   236  0019                     	;# 
   237  001A                     	;# 
   238  001B                     	;# 
   239  001B                     	;# 
   240  001C                     	;# 
   241  001D                     	;# 
   242  001E                     	;# 
   243  001F                     	;# 
   244  0081                     	;# 
   245  0085                     	;# 
   246  0086                     	;# 
   247  0087                     	;# 
   248  0088                     	;# 
   249  0089                     	;# 
   250  008C                     	;# 
   251  008D                     	;# 
   252  008E                     	;# 
   253  008F                     	;# 
   254  0090                     	;# 
   255  0091                     	;# 
   256  0092                     	;# 
   257  0093                     	;# 
   258  0093                     	;# 
   259  0093                     	;# 
   260  0094                     	;# 
   261  0095                     	;# 
   262  0096                     	;# 
   263  0097                     	;# 
   264  0098                     	;# 
   265  0099                     	;# 
   266  009A                     	;# 
   267  009B                     	;# 
   268  009C                     	;# 
   269  009D                     	;# 
   270  009E                     	;# 
   271  009F                     	;# 
   272  0105                     	;# 
   273  0107                     	;# 
   274  0108                     	;# 
   275  0109                     	;# 
   276  010C                     	;# 
   277  010C                     	;# 
   278  010D                     	;# 
   279  010E                     	;# 
   280  010F                     	;# 
   281  0185                     	;# 
   282  0187                     	;# 
   283  0188                     	;# 
   284  0189                     	;# 
   285  018C                     	;# 
   286  018D                     	;# 
   287  0000                     	;# 
   288  0001                     	;# 
   289  0002                     	;# 
   290  0003                     	;# 
   291  0004                     	;# 
   292  0005                     	;# 
   293  0006                     	;# 
   294  0007                     	;# 
   295  0008                     	;# 
   296  0009                     	;# 
   297  000A                     	;# 
   298  000B                     	;# 
   299  000C                     	;# 
   300  000D                     	;# 
   301  000E                     	;# 
   302  000E                     	;# 
   303  000F                     	;# 
   304  0010                     	;# 
   305  0011                     	;# 
   306  0012                     	;# 
   307  0013                     	;# 
   308  0014                     	;# 
   309  0015                     	;# 
   310  0015                     	;# 
   311  0016                     	;# 
   312  0017                     	;# 
   313  0018                     	;# 
   314  0019                     	;# 
   315  001A                     	;# 
   316  001B                     	;# 
   317  001B                     	;# 
   318  001C                     	;# 
   319  001D                     	;# 
   320  001E                     	;# 
   321  001F                     	;# 
   322  0081                     	;# 
   323  0085                     	;# 
   324  0086                     	;# 
   325  0087                     	;# 
   326  0088                     	;# 
   327  0089                     	;# 
   328  008C                     	;# 
   329  008D                     	;# 
   330  008E                     	;# 
   331  008F                     	;# 
   332  0090                     	;# 
   333  0091                     	;# 
   334  0092                     	;# 
   335  0093                     	;# 
   336  0093                     	;# 
   337  0093                     	;# 
   338  0094                     	;# 
   339  0095                     	;# 
   340  0096                     	;# 
   341  0097                     	;# 
   342  0098                     	;# 
   343  0099                     	;# 
   344  009A                     	;# 
   345  009B                     	;# 
   346  009C                     	;# 
   347  009D                     	;# 
   348  009E                     	;# 
   349  009F                     	;# 
   350  0105                     	;# 
   351  0107                     	;# 
   352  0108                     	;# 
   353  0109                     	;# 
   354  010C                     	;# 
   355  010C                     	;# 
   356  010D                     	;# 
   357  010E                     	;# 
   358  010F                     	;# 
   359  0185                     	;# 
   360  0187                     	;# 
   361  0188                     	;# 
   362  0189                     	;# 
   363  018C                     	;# 
   364  018D                     	;# 
   365  0000                     	;# 
   366  0001                     	;# 
   367  0002                     	;# 
   368  0003                     	;# 
   369  0004                     	;# 
   370  0005                     	;# 
   371  0006                     	;# 
   372  0007                     	;# 
   373  0008                     	;# 
   374  0009                     	;# 
   375  000A                     	;# 
   376  000B                     	;# 
   377  000C                     	;# 
   378  000D                     	;# 
   379  000E                     	;# 
   380  000E                     	;# 
   381  000F                     	;# 
   382  0010                     	;# 
   383  0011                     	;# 
   384  0012                     	;# 
   385  0013                     	;# 
   386  0014                     	;# 
   387  0015                     	;# 
   388  0015                     	;# 
   389  0016                     	;# 
   390  0017                     	;# 
   391  0018                     	;# 
   392  0019                     	;# 
   393  001A                     	;# 
   394  001B                     	;# 
   395  001B                     	;# 
   396  001C                     	;# 
   397  001D                     	;# 
   398  001E                     	;# 
   399  001F                     	;# 
   400  0081                     	;# 
   401  0085                     	;# 
   402  0086                     	;# 
   403  0087                     	;# 
   404  0088                     	;# 
   405  0089                     	;# 
   406  008C                     	;# 
   407  008D                     	;# 
   408  008E                     	;# 
   409  008F                     	;# 
   410  0090                     	;# 
   411  0091                     	;# 
   412  0092                     	;# 
   413  0093                     	;# 
   414  0093                     	;# 
   415  0093                     	;# 
   416  0094                     	;# 
   417  0095                     	;# 
   418  0096                     	;# 
   419  0097                     	;# 
   420  0098                     	;# 
   421  0099                     	;# 
   422  009A                     	;# 
   423  009B                     	;# 
   424  009C                     	;# 
   425  009D                     	;# 
   426  009E                     	;# 
   427  009F                     	;# 
   428  0105                     	;# 
   429  0107                     	;# 
   430  0108                     	;# 
   431  0109                     	;# 
   432  010C                     	;# 
   433  010C                     	;# 
   434  010D                     	;# 
   435  010E                     	;# 
   436  010F                     	;# 
   437  0185                     	;# 
   438  0187                     	;# 
   439  0188                     	;# 
   440  0189                     	;# 
   441  018C                     	;# 
   442  018D                     	;# 
   443  0013                     _SSPBUF	set	19
   444  0014                     _SSPCON	set	20
   445  0008                     _PORTD	set	8
   446  0006                     _PORTB	set	6
   447  004A                     _RE2	set	74
   448  0049                     _RE1	set	73
   449  0048                     _RE0	set	72
   450  0063                     _SSPIF	set	99
   451  005E                     _PEIE	set	94
   452  005F                     _GIE	set	95
   453  0091                     _SSPCON2bits	set	145
   454  0087                     _TRISCbits	set	135
   455  0094                     _SSPSTAT	set	148
   456  0093                     _SSPADD	set	147
   457  0091                     _SSPCON2	set	145
   458  008F                     _OSCCONbits	set	143
   459  0088                     _TRISD	set	136
   460  0086                     _TRISB	set	134
   461  0463                     _SSPIE	set	1123
   462  043C                     _TRISC4	set	1084
   463  043B                     _TRISC3	set	1083
   464  0189                     _ANSELH	set	393
   465  0188                     _ANSEL	set	392
   466                           
   467                           	psect	cinit
   468  07FC                     start_initialization:	
   469                           ; #config settings
   470                           
   471  07FC                     __initialization:
   472  07FC                     end_of_initialization:	
   473                           ;End of C runtime variable initialization code
   474                           
   475  07FC                     __end_of__initialization:
   476  07FC  0183               	clrf	3
   477  07FD  120A  118A  2F8F   	ljmp	_main	;jump to C main() function
   478                           
   479                           	psect	cstackCOMMON
   480  0070                     __pcstackCOMMON:
   481  0070                     ?_setup:
   482  0070                     ?_I2C_Master_Start:	
   483                           ; 1 bytes @ 0x0
   484                           
   485  0070                     ??_I2C_Master_Start:	
   486                           ; 1 bytes @ 0x0
   487                           
   488  0070                     ?_I2C_Master_Write:	
   489                           ; 1 bytes @ 0x0
   490                           
   491  0070                     ?_I2C_Master_Stop:	
   492                           ; 1 bytes @ 0x0
   493                           
   494  0070                     ??_I2C_Master_Stop:	
   495                           ; 1 bytes @ 0x0
   496                           
   497  0070                     ?_main:	
   498                           ; 1 bytes @ 0x0
   499                           
   500  0070                     ?_I2C_Master_Wait:	
   501                           ; 1 bytes @ 0x0
   502                           
   503  0070                     ??_I2C_Master_Wait:	
   504                           ; 1 bytes @ 0x0
   505                           
   506  0070                     ?_I2C_Master_Read:	
   507                           ; 1 bytes @ 0x0
   508                           
   509  0070                     ?___lldiv:	
   510                           ; 2 bytes @ 0x0
   511                           
   512  0070                     I2C_Master_Write@d:	
   513                           ; 4 bytes @ 0x0
   514                           
   515  0070                     I2C_Master_Read@a:	
   516                           ; 2 bytes @ 0x0
   517                           
   518  0070                     ___lldiv@divisor:	
   519                           ; 2 bytes @ 0x0
   520                           
   521                           
   522                           ; 4 bytes @ 0x0
   523  0070                     	ds	2
   524  0072                     ??_I2C_Master_Write:
   525  0072                     ??_I2C_Master_Read:	
   526                           ; 1 bytes @ 0x2
   527                           
   528                           
   529                           ; 1 bytes @ 0x2
   530  0072                     	ds	2
   531  0074                     I2C_Master_Read@temp:
   532  0074                     ___lldiv@dividend:	
   533                           ; 2 bytes @ 0x4
   534                           
   535                           
   536                           ; 4 bytes @ 0x4
   537  0074                     	ds	4
   538  0078                     ??___lldiv:
   539                           
   540                           ; 1 bytes @ 0x8
   541  0078                     	ds	1
   542  0079                     ___lldiv@quotient:
   543                           
   544                           ; 4 bytes @ 0x9
   545  0079                     	ds	4
   546  007D                     ___lldiv@counter:
   547                           
   548                           ; 1 bytes @ 0xD
   549  007D                     	ds	1
   550  007E                     ??_setup:
   551                           
   552                           	psect	cstackBANK0
   553  0020                     __pcstackBANK0:	
   554                           ; 1 bytes @ 0xE
   555                           
   556  0020                     ?_I2C_Master_Init:
   557  0020                     I2C_Master_Init@c:	
   558                           ; 1 bytes @ 0x0
   559                           
   560                           
   561                           ; 4 bytes @ 0x0
   562  0020                     	ds	4
   563  0024                     ??_I2C_Master_Init:
   564                           
   565                           ; 1 bytes @ 0x4
   566  0024                     	ds	4
   567  0028                     ??_main:
   568                           
   569                           ; 1 bytes @ 0x8
   570  0028                     	ds	3
   571                           
   572                           	psect	maintext
   573  078F                     __pmaintext:	
   574 ;;
   575 ;;Main: autosize = 0, tempsize = 3, incstack = 0, save=0
   576 ;;
   577 ;; *************** function _main *****************
   578 ;; Defined at:
   579 ;;		line 50 in file "C:/Users/Andy Bonilla/Documents/GitHub/ED2/Lab4_ED2/Lab4_Master.X/Master_main.c"
   580 ;; Parameters:    Size  Location     Type
   581 ;;		None
   582 ;; Auto vars:     Size  Location     Type
   583 ;;		None
   584 ;; Return value:  Size  Location     Type
   585 ;;                  1    wreg      void 
   586 ;; Registers used:
   587 ;;		wreg, status,2, status,0, pclath, cstack
   588 ;; Tracked objects:
   589 ;;		On entry : B00/0
   590 ;;		On exit  : 0/0
   591 ;;		Unchanged: 0/0
   592 ;; Data sizes:     COMMON   BANK0   BANK1   BANK3   BANK2
   593 ;;      Params:         0       0       0       0       0
   594 ;;      Locals:         0       0       0       0       0
   595 ;;      Temps:          0       3       0       0       0
   596 ;;      Totals:         0       3       0       0       0
   597 ;;Total ram usage:        3 bytes
   598 ;; Hardware stack levels required when called:    3
   599 ;; This function calls:
   600 ;;		_I2C_Master_Read
   601 ;;		_I2C_Master_Start
   602 ;;		_I2C_Master_Stop
   603 ;;		_I2C_Master_Write
   604 ;;		_setup
   605 ;; This function is called by:
   606 ;;		Startup code after reset
   607 ;; This function uses a non-reentrant model
   608 ;;
   609                           
   610                           
   611                           ;psect for function _main
   612  078F                     _main:
   613  078F                     l989:	
   614                           ;incstack = 0
   615                           ; Regs used in _main: [wreg+status,2+status,0+pclath+cstack]
   616                           
   617                           
   618                           ;Master_main.c: 51: setup();
   619  078F  120A  118A  26A2  120A  118A  	fcall	_setup
   620  0794                     l33:	
   621                           ;Master_main.c: 52: while(1){
   622                           
   623                           
   624                           ;Master_main.c: 53: I2C_Master_Start();
   625  0794  120A  118A  2679  120A  118A  	fcall	_I2C_Master_Start
   626                           
   627                           ;Master_main.c: 54: I2C_Master_Write(0x50);
   628  0799  3050               	movlw	80
   629  079A  00F0               	movwf	I2C_Master_Write@d
   630  079B  3000               	movlw	0
   631  079C  00F1               	movwf	I2C_Master_Write@d+1
   632  079D  120A  118A  268B  120A  118A  	fcall	_I2C_Master_Write
   633                           
   634                           ;Master_main.c: 55: I2C_Master_Write(PORTB);
   635  07A2  1283               	bcf	3,5	;RP0=0, select bank0
   636  07A3  1303               	bcf	3,6	;RP1=0, select bank0
   637  07A4  0806               	movf	6,w	;volatile
   638  07A5  00A8               	movwf	??_main
   639  07A6  01A9               	clrf	??_main+1
   640  07A7  0828               	movf	??_main,w
   641  07A8  00F0               	movwf	I2C_Master_Write@d
   642  07A9  0829               	movf	??_main+1,w
   643  07AA  00F1               	movwf	I2C_Master_Write@d+1
   644  07AB  120A  118A  268B  120A  118A  	fcall	_I2C_Master_Write
   645                           
   646                           ;Master_main.c: 56: I2C_Master_Stop();
   647  07B0  120A  118A  2682  120A  118A  	fcall	_I2C_Master_Stop
   648  07B5                     l991:
   649                           
   650                           ;Master_main.c: 57: _delay((unsigned long)((200)*(8000000/4000.0)));
   651  07B5  3003               	movlw	3
   652  07B6  1283               	bcf	3,5	;RP0=0, select bank0
   653  07B7  1303               	bcf	3,6	;RP1=0, select bank0
   654  07B8  00AA               	movwf	??_main+2
   655  07B9  3008               	movlw	8
   656  07BA  00A9               	movwf	??_main+1
   657  07BB  3076               	movlw	118
   658  07BC  00A8               	movwf	??_main
   659  07BD                     u247:
   660  07BD  0BA8               	decfsz	??_main,f
   661  07BE  2FBD               	goto	u247
   662  07BF  0BA9               	decfsz	??_main+1,f
   663  07C0  2FBD               	goto	u247
   664  07C1  0BAA               	decfsz	??_main+2,f
   665  07C2  2FBD               	goto	u247
   666  07C3  0000               	nop
   667  07C4                     l993:
   668                           
   669                           ;Master_main.c: 59: I2C_Master_Start();
   670  07C4  120A  118A  2679  120A  118A  	fcall	_I2C_Master_Start
   671  07C9                     l995:
   672                           
   673                           ;Master_main.c: 60: I2C_Master_Write(0x51);
   674  07C9  3051               	movlw	81
   675  07CA  00F0               	movwf	I2C_Master_Write@d
   676  07CB  3000               	movlw	0
   677  07CC  00F1               	movwf	I2C_Master_Write@d+1
   678  07CD  120A  118A  268B  120A  118A  	fcall	_I2C_Master_Write
   679  07D2                     l997:
   680                           
   681                           ;Master_main.c: 61: PORTD = I2C_Master_Read(0);
   682  07D2  3000               	movlw	0
   683  07D3  00F0               	movwf	I2C_Master_Read@a
   684  07D4  00F1               	movwf	I2C_Master_Read@a+1
   685  07D5  120A  118A  26C3  120A  118A  	fcall	_I2C_Master_Read
   686  07DA  0870               	movf	?_I2C_Master_Read,w
   687  07DB  1283               	bcf	3,5	;RP0=0, select bank0
   688  07DC  1303               	bcf	3,6	;RP1=0, select bank0
   689  07DD  0088               	movwf	8	;volatile
   690  07DE                     l999:
   691                           
   692                           ;Master_main.c: 62: I2C_Master_Stop();
   693  07DE  120A  118A  2682  120A  118A  	fcall	_I2C_Master_Stop
   694  07E3                     l1001:
   695                           
   696                           ;Master_main.c: 63: _delay((unsigned long)((200)*(8000000/4000.0)));
   697  07E3  3003               	movlw	3
   698  07E4  1283               	bcf	3,5	;RP0=0, select bank0
   699  07E5  1303               	bcf	3,6	;RP1=0, select bank0
   700  07E6  00AA               	movwf	??_main+2
   701  07E7  3008               	movlw	8
   702  07E8  00A9               	movwf	??_main+1
   703  07E9  3076               	movlw	118
   704  07EA  00A8               	movwf	??_main
   705  07EB                     u257:
   706  07EB  0BA8               	decfsz	??_main,f
   707  07EC  2FEB               	goto	u257
   708  07ED  0BA9               	decfsz	??_main+1,f
   709  07EE  2FEB               	goto	u257
   710  07EF  0BAA               	decfsz	??_main+2,f
   711  07F0  2FEB               	goto	u257
   712  07F1  0000               	nop
   713  07F2                     l1003:
   714                           
   715                           ;Master_main.c: 64: PORTB++;
   716  07F2  3001               	movlw	1
   717  07F3  1283               	bcf	3,5	;RP0=0, select bank0
   718  07F4  1303               	bcf	3,6	;RP1=0, select bank0
   719  07F5  00A8               	movwf	??_main
   720  07F6  0828               	movf	??_main,w
   721  07F7  0786               	addwf	6,f	;volatile
   722  07F8  2F94               	goto	l33
   723  07F9  120A  118A  2800   	ljmp	start
   724  07FC                     __end_of_main:
   725                           
   726                           	psect	text1
   727  06A2                     __ptext1:	
   728 ;; *************** function _setup *****************
   729 ;; Defined at:
   730 ;;		line 71 in file "C:/Users/Andy Bonilla/Documents/GitHub/ED2/Lab4_ED2/Lab4_Master.X/Master_main.c"
   731 ;; Parameters:    Size  Location     Type
   732 ;;		None
   733 ;; Auto vars:     Size  Location     Type
   734 ;;		None
   735 ;; Return value:  Size  Location     Type
   736 ;;                  1    wreg      void 
   737 ;; Registers used:
   738 ;;		wreg, status,2, status,0, pclath, cstack
   739 ;; Tracked objects:
   740 ;;		On entry : 0/0
   741 ;;		On exit  : 0/0
   742 ;;		Unchanged: 0/0
   743 ;; Data sizes:     COMMON   BANK0   BANK1   BANK3   BANK2
   744 ;;      Params:         0       0       0       0       0
   745 ;;      Locals:         0       0       0       0       0
   746 ;;      Temps:          0       0       0       0       0
   747 ;;      Totals:         0       0       0       0       0
   748 ;;Total ram usage:        0 bytes
   749 ;; Hardware stack levels used:    1
   750 ;; Hardware stack levels required when called:    2
   751 ;; This function calls:
   752 ;;		_I2C_Master_Init
   753 ;; This function is called by:
   754 ;;		_main
   755 ;; This function uses a non-reentrant model
   756 ;;
   757                           
   758                           
   759                           ;psect for function _setup
   760  06A2                     _setup:
   761  06A2                     l961:	
   762                           ;incstack = 0
   763                           ; Regs used in _setup: [wreg+status,2+status,0+pclath+cstack]
   764                           
   765                           
   766                           ;Master_main.c: 72: ANSEL = 0;
   767  06A2  1683               	bsf	3,5	;RP0=1, select bank3
   768  06A3  1703               	bsf	3,6	;RP1=1, select bank3
   769  06A4  0188               	clrf	8	;volatile
   770                           
   771                           ;Master_main.c: 73: ANSELH = 0;
   772  06A5  0189               	clrf	9	;volatile
   773                           
   774                           ;Master_main.c: 74: TRISB = 0;
   775  06A6  1683               	bsf	3,5	;RP0=1, select bank1
   776  06A7  1303               	bcf	3,6	;RP1=0, select bank1
   777  06A8  0186               	clrf	6	;volatile
   778                           
   779                           ;Master_main.c: 75: TRISD = 0;
   780  06A9  0188               	clrf	8	;volatile
   781                           
   782                           ;Master_main.c: 76: PORTB = 0;
   783  06AA  1283               	bcf	3,5	;RP0=0, select bank0
   784  06AB  1303               	bcf	3,6	;RP1=0, select bank0
   785  06AC  0186               	clrf	6	;volatile
   786                           
   787                           ;Master_main.c: 77: PORTD = 0;
   788  06AD  0188               	clrf	8	;volatile
   789  06AE                     l963:
   790                           
   791                           ;Master_main.c: 78: OSCCONbits.IRCF=0b111;
   792  06AE  3070               	movlw	112
   793  06AF  1683               	bsf	3,5	;RP0=1, select bank1
   794  06B0  1303               	bcf	3,6	;RP1=0, select bank1
   795  06B1  048F               	iorwf	15,f	;volatile
   796  06B2                     l965:
   797                           
   798                           ;Master_main.c: 79: OSCCONbits.SCS=1;
   799  06B2  140F               	bsf	15,0	;volatile
   800  06B3                     l967:
   801                           
   802                           ;Master_main.c: 80: I2C_Master_Init(100000);
   803  06B3  3000               	movlw	0
   804  06B4  1283               	bcf	3,5	;RP0=0, select bank0
   805  06B5  1303               	bcf	3,6	;RP1=0, select bank0
   806  06B6  00A3               	movwf	I2C_Master_Init@c+3
   807  06B7  3001               	movlw	1
   808  06B8  00A2               	movwf	I2C_Master_Init@c+2
   809  06B9  3086               	movlw	134
   810  06BA  00A1               	movwf	I2C_Master_Init@c+1
   811  06BB  30A0               	movlw	160
   812  06BC  00A0               	movwf	I2C_Master_Init@c
   813  06BD  120A  118A  26F1  120A  118A  	fcall	_I2C_Master_Init
   814  06C2                     l39:
   815  06C2  0008               	return
   816  06C3                     __end_of_setup:
   817                           
   818                           	psect	text2
   819  06F1                     __ptext2:	
   820 ;; *************** function _I2C_Master_Init *****************
   821 ;; Defined at:
   822 ;;		line 16 in file "C:/Users/Andy Bonilla/Documents/GitHub/ED2/Lab4_ED2/Lab4_Master.X/I2C.c"
   823 ;; Parameters:    Size  Location     Type
   824 ;;  c               4    0[BANK0 ] const unsigned long 
   825 ;; Auto vars:     Size  Location     Type
   826 ;;		None
   827 ;; Return value:  Size  Location     Type
   828 ;;                  1    wreg      void 
   829 ;; Registers used:
   830 ;;		wreg, status,2, status,0, pclath, cstack
   831 ;; Tracked objects:
   832 ;;		On entry : 0/0
   833 ;;		On exit  : 0/0
   834 ;;		Unchanged: 0/0
   835 ;; Data sizes:     COMMON   BANK0   BANK1   BANK3   BANK2
   836 ;;      Params:         0       4       0       0       0
   837 ;;      Locals:         0       0       0       0       0
   838 ;;      Temps:          0       4       0       0       0
   839 ;;      Totals:         0       8       0       0       0
   840 ;;Total ram usage:        8 bytes
   841 ;; Hardware stack levels used:    1
   842 ;; Hardware stack levels required when called:    1
   843 ;; This function calls:
   844 ;;		___lldiv
   845 ;; This function is called by:
   846 ;;		_setup
   847 ;; This function uses a non-reentrant model
   848 ;;
   849                           
   850                           
   851                           ;psect for function _I2C_Master_Init
   852  06F1                     _I2C_Master_Init:
   853  06F1                     l949:	
   854                           ;incstack = 0
   855                           ; Regs used in _I2C_Master_Init: [wreg+status,2+status,0+pclath+cstack]
   856                           
   857                           
   858                           ;I2C.c: 18: SSPCON = 0b00101000;
   859  06F1  3028               	movlw	40
   860  06F2  1283               	bcf	3,5	;RP0=0, select bank0
   861  06F3  1303               	bcf	3,6	;RP1=0, select bank0
   862  06F4  0094               	movwf	20	;volatile
   863  06F5                     l951:
   864                           
   865                           ;I2C.c: 19: SSPCON2 = 0;
   866  06F5  1683               	bsf	3,5	;RP0=1, select bank1
   867  06F6  1303               	bcf	3,6	;RP1=0, select bank1
   868  06F7  0191               	clrf	17	;volatile
   869  06F8                     l953:
   870                           
   871                           ;I2C.c: 20: SSPADD = (8000000/(4*c))-1;
   872  06F8  1283               	bcf	3,5	;RP0=0, select bank0
   873  06F9  1303               	bcf	3,6	;RP1=0, select bank0
   874  06FA  0820               	movf	I2C_Master_Init@c,w
   875  06FB  00A4               	movwf	??_I2C_Master_Init
   876  06FC  0821               	movf	I2C_Master_Init@c+1,w
   877  06FD  00A5               	movwf	??_I2C_Master_Init+1
   878  06FE  0822               	movf	I2C_Master_Init@c+2,w
   879  06FF  00A6               	movwf	??_I2C_Master_Init+2
   880  0700  0823               	movf	I2C_Master_Init@c+3,w
   881  0701  00A7               	movwf	??_I2C_Master_Init+3
   882  0702  3002               	movlw	2
   883  0703                     u225:
   884  0703  1003               	clrc
   885  0704  0DA4               	rlf	??_I2C_Master_Init,f
   886  0705  0DA5               	rlf	??_I2C_Master_Init+1,f
   887  0706  0DA6               	rlf	??_I2C_Master_Init+2,f
   888  0707  0DA7               	rlf	??_I2C_Master_Init+3,f
   889  0708                     u220:
   890  0708  3EFF               	addlw	-1
   891  0709  1D03               	skipz
   892  070A  2F03               	goto	u225
   893  070B  0827               	movf	??_I2C_Master_Init+3,w
   894  070C  00F3               	movwf	___lldiv@divisor+3
   895  070D  0826               	movf	??_I2C_Master_Init+2,w
   896  070E  00F2               	movwf	___lldiv@divisor+2
   897  070F  0825               	movf	??_I2C_Master_Init+1,w
   898  0710  00F1               	movwf	___lldiv@divisor+1
   899  0711  0824               	movf	??_I2C_Master_Init,w
   900  0712  00F0               	movwf	___lldiv@divisor
   901  0713  3000               	movlw	0
   902  0714  00F7               	movwf	___lldiv@dividend+3
   903  0715  307A               	movlw	122
   904  0716  00F6               	movwf	___lldiv@dividend+2
   905  0717  3012               	movlw	18
   906  0718  00F5               	movwf	___lldiv@dividend+1
   907  0719  3000               	movlw	0
   908  071A  00F4               	movwf	___lldiv@dividend
   909  071B  120A  118A  2729  120A  118A  	fcall	___lldiv
   910  0720  0870               	movf	?___lldiv,w
   911  0721  3EFF               	addlw	255
   912  0722  1683               	bsf	3,5	;RP0=1, select bank1
   913  0723  1303               	bcf	3,6	;RP1=0, select bank1
   914  0724  0093               	movwf	19	;volatile
   915  0725                     l955:
   916                           
   917                           ;I2C.c: 21: SSPSTAT = 0;
   918  0725  0194               	clrf	20	;volatile
   919  0726                     l957:
   920                           
   921                           ;I2C.c: 22: TRISCbits.TRISC3 = 1;
   922  0726  1587               	bsf	7,3	;volatile
   923  0727                     l959:
   924                           
   925                           ;I2C.c: 23: TRISCbits.TRISC4 = 1;
   926  0727  1607               	bsf	7,4	;volatile
   927  0728                     l68:
   928  0728  0008               	return
   929  0729                     __end_of_I2C_Master_Init:
   930                           
   931                           	psect	text3
   932  0729                     __ptext3:	
   933 ;; *************** function ___lldiv *****************
   934 ;; Defined at:
   935 ;;		line 5 in file "C:\Program Files\Microchip\xc8\v2.31\pic\sources\c90\common\__lldiv.c"
   936 ;; Parameters:    Size  Location     Type
   937 ;;  divisor         4    0[COMMON] unsigned long 
   938 ;;  dividend        4    4[COMMON] unsigned long 
   939 ;; Auto vars:     Size  Location     Type
   940 ;;  quotient        4    9[COMMON] unsigned long 
   941 ;;  counter         1   13[COMMON] unsigned char 
   942 ;; Return value:  Size  Location     Type
   943 ;;                  4    0[COMMON] unsigned long 
   944 ;; Registers used:
   945 ;;		wreg, status,2, status,0
   946 ;; Tracked objects:
   947 ;;		On entry : 0/0
   948 ;;		On exit  : 0/0
   949 ;;		Unchanged: 0/0
   950 ;; Data sizes:     COMMON   BANK0   BANK1   BANK3   BANK2
   951 ;;      Params:         8       0       0       0       0
   952 ;;      Locals:         5       0       0       0       0
   953 ;;      Temps:          1       0       0       0       0
   954 ;;      Totals:        14       0       0       0       0
   955 ;;Total ram usage:       14 bytes
   956 ;; Hardware stack levels used:    1
   957 ;; This function calls:
   958 ;;		Nothing
   959 ;; This function is called by:
   960 ;;		_I2C_Master_Init
   961 ;; This function uses a non-reentrant model
   962 ;;
   963                           
   964                           
   965                           ;psect for function ___lldiv
   966  0729                     ___lldiv:
   967  0729                     l925:	
   968                           ;incstack = 0
   969                           ; Regs used in ___lldiv: [wreg+status,2+status,0]
   970                           
   971  0729  3000               	movlw	0
   972  072A  00FC               	movwf	___lldiv@quotient+3
   973  072B  3000               	movlw	0
   974  072C  00FB               	movwf	___lldiv@quotient+2
   975  072D  3000               	movlw	0
   976  072E  00FA               	movwf	___lldiv@quotient+1
   977  072F  3000               	movlw	0
   978  0730  00F9               	movwf	___lldiv@quotient
   979  0731  0873               	movf	___lldiv@divisor+3,w
   980  0732  0472               	iorwf	___lldiv@divisor+2,w
   981  0733  0471               	iorwf	___lldiv@divisor+1,w
   982  0734  0470               	iorwf	___lldiv@divisor,w
   983  0735  1903               	skipnz
   984  0736  2F38               	goto	u151
   985  0737  2F39               	goto	u150
   986  0738                     u151:
   987  0738  2F86               	goto	l945
   988  0739                     u150:
   989  0739                     l927:
   990  0739  01FD               	clrf	___lldiv@counter
   991  073A  0AFD               	incf	___lldiv@counter,f
   992  073B  2F49               	goto	l931
   993  073C                     l929:
   994  073C  3001               	movlw	1
   995  073D  00F8               	movwf	??___lldiv
   996  073E                     u165:
   997  073E  1003               	clrc
   998  073F  0DF0               	rlf	___lldiv@divisor,f
   999  0740  0DF1               	rlf	___lldiv@divisor+1,f
  1000  0741  0DF2               	rlf	___lldiv@divisor+2,f
  1001  0742  0DF3               	rlf	___lldiv@divisor+3,f
  1002  0743  0BF8               	decfsz	??___lldiv,f
  1003  0744  2F3E               	goto	u165
  1004  0745  3001               	movlw	1
  1005  0746  00F8               	movwf	??___lldiv
  1006  0747  0878               	movf	??___lldiv,w
  1007  0748  07FD               	addwf	___lldiv@counter,f
  1008  0749                     l931:
  1009  0749  1FF3               	btfss	___lldiv@divisor+3,7
  1010  074A  2F4C               	goto	u171
  1011  074B  2F4D               	goto	u170
  1012  074C                     u171:
  1013  074C  2F3C               	goto	l929
  1014  074D                     u170:
  1015  074D                     l933:
  1016  074D  3001               	movlw	1
  1017  074E  00F8               	movwf	??___lldiv
  1018  074F                     u185:
  1019  074F  1003               	clrc
  1020  0750  0DF9               	rlf	___lldiv@quotient,f
  1021  0751  0DFA               	rlf	___lldiv@quotient+1,f
  1022  0752  0DFB               	rlf	___lldiv@quotient+2,f
  1023  0753  0DFC               	rlf	___lldiv@quotient+3,f
  1024  0754  0BF8               	decfsz	??___lldiv,f
  1025  0755  2F4F               	goto	u185
  1026  0756                     l935:
  1027  0756  0873               	movf	___lldiv@divisor+3,w
  1028  0757  0277               	subwf	___lldiv@dividend+3,w
  1029  0758  1D03               	skipz
  1030  0759  2F64               	goto	u195
  1031  075A  0872               	movf	___lldiv@divisor+2,w
  1032  075B  0276               	subwf	___lldiv@dividend+2,w
  1033  075C  1D03               	skipz
  1034  075D  2F64               	goto	u195
  1035  075E  0871               	movf	___lldiv@divisor+1,w
  1036  075F  0275               	subwf	___lldiv@dividend+1,w
  1037  0760  1D03               	skipz
  1038  0761  2F64               	goto	u195
  1039  0762  0870               	movf	___lldiv@divisor,w
  1040  0763  0274               	subwf	___lldiv@dividend,w
  1041  0764                     u195:
  1042  0764  1C03               	skipc
  1043  0765  2F67               	goto	u191
  1044  0766  2F68               	goto	u190
  1045  0767                     u191:
  1046  0767  2F77               	goto	l941
  1047  0768                     u190:
  1048  0768                     l937:
  1049  0768  0870               	movf	___lldiv@divisor,w
  1050  0769  02F4               	subwf	___lldiv@dividend,f
  1051  076A  0871               	movf	___lldiv@divisor+1,w
  1052  076B  1C03               	skipc
  1053  076C  0F71               	incfsz	___lldiv@divisor+1,w
  1054  076D  02F5               	subwf	___lldiv@dividend+1,f
  1055  076E  0872               	movf	___lldiv@divisor+2,w
  1056  076F  1C03               	skipc
  1057  0770  0F72               	incfsz	___lldiv@divisor+2,w
  1058  0771  02F6               	subwf	___lldiv@dividend+2,f
  1059  0772  0873               	movf	___lldiv@divisor+3,w
  1060  0773  1C03               	skipc
  1061  0774  0F73               	incfsz	___lldiv@divisor+3,w
  1062  0775  02F7               	subwf	___lldiv@dividend+3,f
  1063  0776                     l939:
  1064  0776  1479               	bsf	___lldiv@quotient,0
  1065  0777                     l941:
  1066  0777  3001               	movlw	1
  1067  0778                     u205:
  1068  0778  1003               	clrc
  1069  0779  0CF3               	rrf	___lldiv@divisor+3,f
  1070  077A  0CF2               	rrf	___lldiv@divisor+2,f
  1071  077B  0CF1               	rrf	___lldiv@divisor+1,f
  1072  077C  0CF0               	rrf	___lldiv@divisor,f
  1073  077D  3EFF               	addlw	-1
  1074  077E  1D03               	skipz
  1075  077F  2F78               	goto	u205
  1076  0780                     l943:
  1077  0780  3001               	movlw	1
  1078  0781  02FD               	subwf	___lldiv@counter,f
  1079  0782  1D03               	btfss	3,2
  1080  0783  2F85               	goto	u211
  1081  0784  2F86               	goto	u210
  1082  0785                     u211:
  1083  0785  2F4D               	goto	l933
  1084  0786                     u210:
  1085  0786                     l945:
  1086  0786  087C               	movf	___lldiv@quotient+3,w
  1087  0787  00F3               	movwf	?___lldiv+3
  1088  0788  087B               	movf	___lldiv@quotient+2,w
  1089  0789  00F2               	movwf	?___lldiv+2
  1090  078A  087A               	movf	___lldiv@quotient+1,w
  1091  078B  00F1               	movwf	?___lldiv+1
  1092  078C  0879               	movf	___lldiv@quotient,w
  1093  078D  00F0               	movwf	?___lldiv
  1094  078E                     l269:
  1095  078E  0008               	return
  1096  078F                     __end_of___lldiv:
  1097                           
  1098                           	psect	text4
  1099  068B                     __ptext4:	
  1100 ;; *************** function _I2C_Master_Write *****************
  1101 ;; Defined at:
  1102 ;;		line 65 in file "C:/Users/Andy Bonilla/Documents/GitHub/ED2/Lab4_ED2/Lab4_Master.X/I2C.c"
  1103 ;; Parameters:    Size  Location     Type
  1104 ;;  d               2    0[COMMON] unsigned int 
  1105 ;; Auto vars:     Size  Location     Type
  1106 ;;		None
  1107 ;; Return value:  Size  Location     Type
  1108 ;;                  1    wreg      void 
  1109 ;; Registers used:
  1110 ;;		wreg, status,2, status,0, pclath, cstack
  1111 ;; Tracked objects:
  1112 ;;		On entry : 0/0
  1113 ;;		On exit  : 0/0
  1114 ;;		Unchanged: 0/0
  1115 ;; Data sizes:     COMMON   BANK0   BANK1   BANK3   BANK2
  1116 ;;      Params:         2       0       0       0       0
  1117 ;;      Locals:         0       0       0       0       0
  1118 ;;      Temps:          0       0       0       0       0
  1119 ;;      Totals:         2       0       0       0       0
  1120 ;;Total ram usage:        2 bytes
  1121 ;; Hardware stack levels used:    1
  1122 ;; Hardware stack levels required when called:    1
  1123 ;; This function calls:
  1124 ;;		_I2C_Master_Wait
  1125 ;; This function is called by:
  1126 ;;		_main
  1127 ;; This function uses a non-reentrant model
  1128 ;;
  1129                           
  1130                           
  1131                           ;psect for function _I2C_Master_Write
  1132  068B                     _I2C_Master_Write:
  1133  068B                     l969:	
  1134                           ;incstack = 0
  1135                           ; Regs used in _I2C_Master_Write: [wreg+status,2+status,0+pclath+cstack]
  1136                           
  1137                           
  1138                           ;I2C.c: 67: I2C_Master_Wait();
  1139  068B  120A  118A  2695  120A  118A  	fcall	_I2C_Master_Wait
  1140  0690                     l971:
  1141                           
  1142                           ;I2C.c: 68: SSPBUF = d;
  1143  0690  0870               	movf	I2C_Master_Write@d,w
  1144  0691  1283               	bcf	3,5	;RP0=0, select bank0
  1145  0692  1303               	bcf	3,6	;RP1=0, select bank0
  1146  0693  0093               	movwf	19	;volatile
  1147  0694                     l86:
  1148  0694  0008               	return
  1149  0695                     __end_of_I2C_Master_Write:
  1150                           
  1151                           	psect	text5
  1152  0682                     __ptext5:	
  1153 ;; *************** function _I2C_Master_Stop *****************
  1154 ;; Defined at:
  1155 ;;		line 55 in file "C:/Users/Andy Bonilla/Documents/GitHub/ED2/Lab4_ED2/Lab4_Master.X/I2C.c"
  1156 ;; Parameters:    Size  Location     Type
  1157 ;;		None
  1158 ;; Auto vars:     Size  Location     Type
  1159 ;;		None
  1160 ;; Return value:  Size  Location     Type
  1161 ;;                  1    wreg      void 
  1162 ;; Registers used:
  1163 ;;		wreg, status,2, status,0, pclath, cstack
  1164 ;; Tracked objects:
  1165 ;;		On entry : 0/0
  1166 ;;		On exit  : 0/0
  1167 ;;		Unchanged: 0/0
  1168 ;; Data sizes:     COMMON   BANK0   BANK1   BANK3   BANK2
  1169 ;;      Params:         0       0       0       0       0
  1170 ;;      Locals:         0       0       0       0       0
  1171 ;;      Temps:          0       0       0       0       0
  1172 ;;      Totals:         0       0       0       0       0
  1173 ;;Total ram usage:        0 bytes
  1174 ;; Hardware stack levels used:    1
  1175 ;; Hardware stack levels required when called:    1
  1176 ;; This function calls:
  1177 ;;		_I2C_Master_Wait
  1178 ;; This function is called by:
  1179 ;;		_main
  1180 ;; This function uses a non-reentrant model
  1181 ;;
  1182                           
  1183                           
  1184                           ;psect for function _I2C_Master_Stop
  1185  0682                     _I2C_Master_Stop:
  1186  0682                     l795:	
  1187                           ;incstack = 0
  1188                           ; Regs used in _I2C_Master_Stop: [wreg+status,2+status,0+pclath+cstack]
  1189                           
  1190                           
  1191                           ;I2C.c: 57: I2C_Master_Wait();
  1192  0682  120A  118A  2695  120A  118A  	fcall	_I2C_Master_Wait
  1193  0687                     l797:
  1194                           
  1195                           ;I2C.c: 58: SSPCON2bits.PEN = 1;
  1196  0687  1683               	bsf	3,5	;RP0=1, select bank1
  1197  0688  1303               	bcf	3,6	;RP1=0, select bank1
  1198  0689  1511               	bsf	17,2	;volatile
  1199  068A                     l83:
  1200  068A  0008               	return
  1201  068B                     __end_of_I2C_Master_Stop:
  1202                           
  1203                           	psect	text6
  1204  0679                     __ptext6:	
  1205 ;; *************** function _I2C_Master_Start *****************
  1206 ;; Defined at:
  1207 ;;		line 39 in file "C:/Users/Andy Bonilla/Documents/GitHub/ED2/Lab4_ED2/Lab4_Master.X/I2C.c"
  1208 ;; Parameters:    Size  Location     Type
  1209 ;;		None
  1210 ;; Auto vars:     Size  Location     Type
  1211 ;;		None
  1212 ;; Return value:  Size  Location     Type
  1213 ;;                  1    wreg      void 
  1214 ;; Registers used:
  1215 ;;		wreg, status,2, status,0, pclath, cstack
  1216 ;; Tracked objects:
  1217 ;;		On entry : 0/0
  1218 ;;		On exit  : 0/0
  1219 ;;		Unchanged: 0/0
  1220 ;; Data sizes:     COMMON   BANK0   BANK1   BANK3   BANK2
  1221 ;;      Params:         0       0       0       0       0
  1222 ;;      Locals:         0       0       0       0       0
  1223 ;;      Temps:          0       0       0       0       0
  1224 ;;      Totals:         0       0       0       0       0
  1225 ;;Total ram usage:        0 bytes
  1226 ;; Hardware stack levels used:    1
  1227 ;; Hardware stack levels required when called:    1
  1228 ;; This function calls:
  1229 ;;		_I2C_Master_Wait
  1230 ;; This function is called by:
  1231 ;;		_main
  1232 ;; This function uses a non-reentrant model
  1233 ;;
  1234                           
  1235                           
  1236                           ;psect for function _I2C_Master_Start
  1237  0679                     _I2C_Master_Start:
  1238  0679                     l787:	
  1239                           ;incstack = 0
  1240                           ; Regs used in _I2C_Master_Start: [wreg+status,2+status,0+pclath+cstack]
  1241                           
  1242                           
  1243                           ;I2C.c: 41: I2C_Master_Wait();
  1244  0679  120A  118A  2695  120A  118A  	fcall	_I2C_Master_Wait
  1245  067E                     l789:
  1246                           
  1247                           ;I2C.c: 42: SSPCON2bits.SEN = 1;
  1248  067E  1683               	bsf	3,5	;RP0=1, select bank1
  1249  067F  1303               	bcf	3,6	;RP1=0, select bank1
  1250  0680  1411               	bsf	17,0	;volatile
  1251  0681                     l77:
  1252  0681  0008               	return
  1253  0682                     __end_of_I2C_Master_Start:
  1254                           
  1255                           	psect	text7
  1256  06C3                     __ptext7:	
  1257 ;; *************** function _I2C_Master_Read *****************
  1258 ;; Defined at:
  1259 ;;		line 74 in file "C:/Users/Andy Bonilla/Documents/GitHub/ED2/Lab4_ED2/Lab4_Master.X/I2C.c"
  1260 ;; Parameters:    Size  Location     Type
  1261 ;;  a               2    0[COMMON] unsigned short 
  1262 ;; Auto vars:     Size  Location     Type
  1263 ;;  temp            2    4[COMMON] unsigned short 
  1264 ;; Return value:  Size  Location     Type
  1265 ;;                  2    0[COMMON] unsigned short 
  1266 ;; Registers used:
  1267 ;;		wreg, status,2, status,0, pclath, cstack
  1268 ;; Tracked objects:
  1269 ;;		On entry : 0/0
  1270 ;;		On exit  : 0/0
  1271 ;;		Unchanged: 0/0
  1272 ;; Data sizes:     COMMON   BANK0   BANK1   BANK3   BANK2
  1273 ;;      Params:         2       0       0       0       0
  1274 ;;      Locals:         2       0       0       0       0
  1275 ;;      Temps:          2       0       0       0       0
  1276 ;;      Totals:         6       0       0       0       0
  1277 ;;Total ram usage:        6 bytes
  1278 ;; Hardware stack levels used:    1
  1279 ;; Hardware stack levels required when called:    1
  1280 ;; This function calls:
  1281 ;;		_I2C_Master_Wait
  1282 ;; This function is called by:
  1283 ;;		_main
  1284 ;; This function uses a non-reentrant model
  1285 ;;
  1286                           
  1287                           
  1288                           ;psect for function _I2C_Master_Read
  1289  06C3                     _I2C_Master_Read:
  1290  06C3                     l973:	
  1291                           ;incstack = 0
  1292                           ; Regs used in _I2C_Master_Read: [wreg+status,2+status,0+pclath+cstack]
  1293                           
  1294                           
  1295                           ;I2C.c: 76: unsigned short temp;;I2C.c: 77: I2C_Master_Wait();
  1296  06C3  120A  118A  2695  120A  118A  	fcall	_I2C_Master_Wait
  1297  06C8                     l975:
  1298                           
  1299                           ;I2C.c: 78: SSPCON2bits.RCEN = 1;
  1300  06C8  1683               	bsf	3,5	;RP0=1, select bank1
  1301  06C9  1303               	bcf	3,6	;RP1=0, select bank1
  1302  06CA  1591               	bsf	17,3	;volatile
  1303                           
  1304                           ;I2C.c: 79: I2C_Master_Wait();
  1305  06CB  120A  118A  2695  120A  118A  	fcall	_I2C_Master_Wait
  1306  06D0                     l977:
  1307                           
  1308                           ;I2C.c: 80: temp = SSPBUF;
  1309  06D0  1283               	bcf	3,5	;RP0=0, select bank0
  1310  06D1  1303               	bcf	3,6	;RP1=0, select bank0
  1311  06D2  0813               	movf	19,w	;volatile
  1312  06D3  00F2               	movwf	??_I2C_Master_Read
  1313  06D4  01F3               	clrf	??_I2C_Master_Read+1
  1314  06D5  0872               	movf	??_I2C_Master_Read,w
  1315  06D6  00F4               	movwf	I2C_Master_Read@temp
  1316  06D7  0873               	movf	??_I2C_Master_Read+1,w
  1317  06D8  00F5               	movwf	I2C_Master_Read@temp+1
  1318  06D9                     l979:
  1319                           
  1320                           ;I2C.c: 81: I2C_Master_Wait();
  1321  06D9  120A  118A  2695  120A  118A  	fcall	_I2C_Master_Wait
  1322  06DE                     l981:
  1323                           
  1324                           ;I2C.c: 82: if(a == 1){
  1325  06DE  0370               	decf	I2C_Master_Read@a,w
  1326  06DF  0471               	iorwf	I2C_Master_Read@a+1,w
  1327  06E0  1D03               	btfss	3,2
  1328  06E1  2EE3               	goto	u231
  1329  06E2  2EE4               	goto	u230
  1330  06E3                     u231:
  1331  06E3  2EE8               	goto	l89
  1332  06E4                     u230:
  1333  06E4                     l983:
  1334                           
  1335                           ;I2C.c: 83: SSPCON2bits.ACKDT = 0;
  1336  06E4  1683               	bsf	3,5	;RP0=1, select bank1
  1337  06E5  1303               	bcf	3,6	;RP1=0, select bank1
  1338  06E6  1291               	bcf	17,5	;volatile
  1339                           
  1340                           ;I2C.c: 84: }else{
  1341  06E7  2EEB               	goto	l90
  1342  06E8                     l89:
  1343                           
  1344                           ;I2C.c: 85: SSPCON2bits.ACKDT = 1;
  1345  06E8  1683               	bsf	3,5	;RP0=1, select bank1
  1346  06E9  1303               	bcf	3,6	;RP1=0, select bank1
  1347  06EA  1691               	bsf	17,5	;volatile
  1348  06EB                     l90:
  1349                           
  1350                           ;I2C.c: 86: };I2C.c: 87: SSPCON2bits.ACKEN = 1;
  1351  06EB  1611               	bsf	17,4	;volatile
  1352  06EC                     l985:
  1353                           
  1354                           ;I2C.c: 88: return temp;
  1355  06EC  0875               	movf	I2C_Master_Read@temp+1,w
  1356  06ED  00F1               	movwf	?_I2C_Master_Read+1
  1357  06EE  0874               	movf	I2C_Master_Read@temp,w
  1358  06EF  00F0               	movwf	?_I2C_Master_Read
  1359  06F0                     l91:
  1360  06F0  0008               	return
  1361  06F1                     __end_of_I2C_Master_Read:
  1362                           
  1363                           	psect	text8
  1364  0695                     __ptext8:	
  1365 ;; *************** function _I2C_Master_Wait *****************
  1366 ;; Defined at:
  1367 ;;		line 32 in file "C:/Users/Andy Bonilla/Documents/GitHub/ED2/Lab4_ED2/Lab4_Master.X/I2C.c"
  1368 ;; Parameters:    Size  Location     Type
  1369 ;;		None
  1370 ;; Auto vars:     Size  Location     Type
  1371 ;;		None
  1372 ;; Return value:  Size  Location     Type
  1373 ;;                  1    wreg      void 
  1374 ;; Registers used:
  1375 ;;		wreg, status,2
  1376 ;; Tracked objects:
  1377 ;;		On entry : 0/0
  1378 ;;		On exit  : 0/0
  1379 ;;		Unchanged: 0/0
  1380 ;; Data sizes:     COMMON   BANK0   BANK1   BANK3   BANK2
  1381 ;;      Params:         0       0       0       0       0
  1382 ;;      Locals:         0       0       0       0       0
  1383 ;;      Temps:          0       0       0       0       0
  1384 ;;      Totals:         0       0       0       0       0
  1385 ;;Total ram usage:        0 bytes
  1386 ;; Hardware stack levels used:    1
  1387 ;; This function calls:
  1388 ;;		Nothing
  1389 ;; This function is called by:
  1390 ;;		_I2C_Master_Start
  1391 ;;		_I2C_Master_Stop
  1392 ;;		_I2C_Master_Write
  1393 ;;		_I2C_Master_Read
  1394 ;;		_I2C_Master_RepeatedStart
  1395 ;; This function uses a non-reentrant model
  1396 ;;
  1397                           
  1398                           
  1399                           ;psect for function _I2C_Master_Wait
  1400  0695                     _I2C_Master_Wait:
  1401  0695                     l775:	
  1402                           ;incstack = 0
  1403                           ; Regs used in _I2C_Master_Wait: [wreg+status,2]
  1404                           
  1405  0695                     l71:	
  1406                           ;I2C.c: 34: while ((SSPSTAT & 0x04) || (SSPCON2 & 0x1F));
  1407                           
  1408  0695  1683               	bsf	3,5	;RP0=1, select bank1
  1409  0696  1303               	bcf	3,6	;RP1=0, select bank1
  1410  0697  1914               	btfsc	20,2	;volatile
  1411  0698  2E9A               	goto	u91
  1412  0699  2E9B               	goto	u90
  1413  069A                     u91:
  1414  069A  2E95               	goto	l71
  1415  069B                     u90:
  1416  069B                     l777:
  1417  069B  0811               	movf	17,w	;volatile
  1418  069C  391F               	andlw	31
  1419  069D  1D03               	btfss	3,2
  1420  069E  2EA0               	goto	u101
  1421  069F  2EA1               	goto	u100
  1422  06A0                     u101:
  1423  06A0  2E95               	goto	l71
  1424  06A1                     u100:
  1425  06A1                     l74:
  1426  06A1  0008               	return
  1427  06A2                     __end_of_I2C_Master_Wait:
  1428  007E                     btemp	set	126	;btemp
  1429  007E                     wtemp0	set	126
  1430                           
  1431                           	psect	config
  1432                           
  1433                           ;Config register CONFIG1 @ 0x2007
  1434                           ;	Oscillator Selection bits
  1435                           ;	FOSC = INTRC_NOCLKOUT, INTOSCIO oscillator: I/O function on RA6/OSC2/CLKOUT pin, I/O f
      +                          unction on RA7/OSC1/CLKIN
  1436                           ;	Watchdog Timer Enable bit
  1437                           ;	WDTE = OFF, WDT disabled and can be enabled by SWDTEN bit of the WDTCON register
  1438                           ;	Power-up Timer Enable bit
  1439                           ;	PWRTE = OFF, PWRT disabled
  1440                           ;	RE3/MCLR pin function select bit
  1441                           ;	MCLRE = OFF, RE3/MCLR pin function is digital input, MCLR internally tied to VDD
  1442                           ;	Code Protection bit
  1443                           ;	CP = OFF, Program memory code protection is disabled
  1444                           ;	Data Code Protection bit
  1445                           ;	CPD = OFF, Data memory code protection is disabled
  1446                           ;	Brown Out Reset Selection bits
  1447                           ;	BOREN = OFF, BOR disabled
  1448                           ;	Internal External Switchover bit
  1449                           ;	IESO = OFF, Internal/External Switchover mode is disabled
  1450                           ;	Fail-Safe Clock Monitor Enabled bit
  1451                           ;	FCMEN = OFF, Fail-Safe Clock Monitor is disabled
  1452                           ;	Low Voltage Programming Enable bit
  1453                           ;	LVP = OFF, RB3 pin has digital I/O, HV on MCLR must be used for programming
  1454                           ;	In-Circuit Debugger Mode bit
  1455                           ;	DEBUG = 0x1, unprogrammed default
  1456  2007                     	org	8199
  1457  2007  20D4               	dw	8404
  1458                           
  1459                           ;Config register CONFIG2 @ 0x2008
  1460                           ;	Brown-out Reset Selection bit
  1461                           ;	BOR4V = BOR40V, Brown-out Reset set to 4.0V
  1462                           ;	Flash Program Memory Self Write Enable bits
  1463                           ;	WRT = OFF, Write protection off
  1464  2008                     	org	8200
  1465  2008  3FFF               	dw	16383

Data Sizes:
    Strings     0
    Constant    0
    Data        0
    BSS         0
    Persistent  0
    Stack       0

Auto Spaces:
    Space          Size  Autos    Used
    COMMON           14     14      14
    BANK0            80     11      11
    BANK1            80      0       0
    BANK3            96      0       0
    BANK2            96      0       0

Pointer List with Targets:

    None.

Critical Paths under _main in COMMON

    _I2C_Master_Init->___lldiv

Critical Paths under _main in BANK0

    _setup->_I2C_Master_Init

Critical Paths under _main in BANK1

    None.

Critical Paths under _main in BANK3

    None.

Critical Paths under _main in BANK2

    None.

Call Graph Tables:

 ---------------------------------------------------------------------------------
 (Depth) Function   	        Calls       Base Space   Used Autos Params    Refs
 ---------------------------------------------------------------------------------
 (0) _main                                                 3     3      0     783
                                              8 BANK0      3     3      0
                    _I2C_Master_Read
                   _I2C_Master_Start
                    _I2C_Master_Stop
                   _I2C_Master_Write
                              _setup
 ---------------------------------------------------------------------------------
 (1) _setup                                                0     0      0     412
                    _I2C_Master_Init
 ---------------------------------------------------------------------------------
 (2) _I2C_Master_Init                                      8     4      4     412
                                              0 BANK0      8     4      4
                            ___lldiv
 ---------------------------------------------------------------------------------
 (3) ___lldiv                                             14     6      8     314
                                              0 COMMON    14     6      8
 ---------------------------------------------------------------------------------
 (1) _I2C_Master_Write                                     2     0      2     250
                                              0 COMMON     2     0      2
                    _I2C_Master_Wait
 ---------------------------------------------------------------------------------
 (1) _I2C_Master_Stop                                      0     0      0       0
                    _I2C_Master_Wait
 ---------------------------------------------------------------------------------
 (1) _I2C_Master_Start                                     0     0      0       0
                    _I2C_Master_Wait
 ---------------------------------------------------------------------------------
 (1) _I2C_Master_Read                                      6     4      2     121
                                              0 COMMON     6     4      2
                    _I2C_Master_Wait
 ---------------------------------------------------------------------------------
 (2) _I2C_Master_Wait                                      0     0      0       0
 ---------------------------------------------------------------------------------
 Estimated maximum stack depth 3
 ---------------------------------------------------------------------------------

 Call Graph Graphs:

 _main (ROOT)
   _I2C_Master_Read
     _I2C_Master_Wait
   _I2C_Master_Start
     _I2C_Master_Wait
   _I2C_Master_Stop
     _I2C_Master_Wait
   _I2C_Master_Write
     _I2C_Master_Wait
   _setup
     _I2C_Master_Init
       ___lldiv

 Address spaces:
Name               Size   Autos  Total    Cost      Usage
BITCOMMON            E      0       0       0        0.0%
EEDATA             100      0       0       0        0.0%
NULL                 0      0       0       0        0.0%
CODE                 0      0       0       0        0.0%
COMMON               E      E       E       1      100.0%
BITSFR0              0      0       0       1        0.0%
SFR0                 0      0       0       1        0.0%
BITSFR1              0      0       0       2        0.0%
SFR1                 0      0       0       2        0.0%
STACK                0      0       0       2        0.0%
ABS                  0      0       0       3        0.0%
BITBANK0            50      0       0       4        0.0%
BITSFR3              0      0       0       4        0.0%
SFR3                 0      0       0       4        0.0%
BANK0               50      B       B       5       13.8%
BITSFR2              0      0       0       5        0.0%
SFR2                 0      0       0       5        0.0%
BITBANK1            50      0       0       6        0.0%
BANK1               50      0       0       7        0.0%
BITBANK3            60      0       0       8        0.0%
BANK3               60      0       0       9        0.0%
BITBANK2            60      0       0      10        0.0%
BANK2               60      0       0      11        0.0%
DATA                 0      0       0      12        0.0%


Microchip Technology PIC Macro Assembler V2.31 build 20201012212115 
Symbol Table                                                                                   Tue Aug 10 23:40:38 2021

                       l33 0794                         l71 0695                         l39 06C2  
                       l74 06A1                         l90 06EB                         l91 06F0  
                       l83 068A                         l68 0728                         l77 0681  
                       l86 0694                         l89 06E8                         u90 069B  
                       u91 069A                        l269 078E                        l931 0749  
                      l941 0777                        l933 074D                        l925 0729  
                      l775 0695                        l943 0780                        l935 0756  
                      l927 0739                        l951 06F5                        l777 069B  
                      l937 0768                        l929 073C                        l945 0786  
                      l953 06F8                        l961 06A2                        l787 0679  
                      l795 0682                        l971 0690                        l939 0776  
                      l955 0725                        l963 06AE                        l981 06DE  
                      l973 06C3                        l789 067E                        l797 0687  
                      l957 0726                        l949 06F1                        l965 06B2  
                      l983 06E4                        l975 06C8                        l959 0727  
                      l967 06B3                        l991 07B5                        l985 06EC  
                      l977 06D0                        l969 068B                        l993 07C4  
                      l979 06D9                        l995 07C9                        _GIE 005F  
                      l997 07D2                        l989 078F                        l999 07DE  
                      _RE0 0048                        _RE1 0049                        u100 06A1  
                      _RE2 004A                        u101 06A0                        u210 0786  
                      u211 0785                        u220 0708                        u205 0778  
                      u230 06E4                        u150 0739                        u231 06E3  
                      u151 0738                        u225 0703                        u170 074D  
                      u171 074C                        u165 073E                        u190 0768  
                      u191 0767                        u247 07BD                        u185 074F  
                      u257 07EB                        u195 0764                       l1001 07E3  
                     l1003 07F2                       _PEIE 005E                       _main 078F  
                     btemp 007E                       start 0000           ?_I2C_Master_Init 0020  
         ?_I2C_Master_Read 0070           ?_I2C_Master_Wait 0070           ?_I2C_Master_Stop 0070  
                    ?_main 0070                      _ANSEL 0188            __end_of___lldiv 078F  
                    _PORTB 0006                      _PORTD 0008                      _TRISB 0086  
                    _TRISD 0088                      _SSPIE 0463                      _SSPIF 0063  
                    _setup 06A2                      status 0003                      wtemp0 007E  
          __initialization 07FC               __end_of_main 07FC                     ??_main 0028  
        ?_I2C_Master_Start 0070          ?_I2C_Master_Write 0070         ??_I2C_Master_Start 0070  
       ??_I2C_Master_Write 0072                     ?_setup 0070                     _ANSELH 0189  
                   _SSPADD 0093                     _TRISC3 043B                     _TRISC4 043C  
                   _SSPCON 0014                     _SSPBUF 0013                  ??___lldiv 0078  
  __end_of__initialization 07FC             __pcstackCOMMON 0070              __end_of_setup 06C3  
                  ??_setup 007E                 __pmaintext 078F                    _SSPCON2 0091  
                  _SSPSTAT 0094                    ___lldiv 0729                    __ptext1 06A2  
                  __ptext2 06F1                    __ptext3 0729                    __ptext4 068B  
                  __ptext5 0682                    __ptext6 0679                    __ptext7 06C3  
                  __ptext8 0695   __size_of_I2C_Master_Init 0038   __size_of_I2C_Master_Read 002E  
 __size_of_I2C_Master_Wait 000D   __size_of_I2C_Master_Stop 0009       end_of_initialization 07FC  
__size_of_I2C_Master_Start 0009  __size_of_I2C_Master_Write 000A            ___lldiv@divisor 0070  
          ___lldiv@counter 007D           I2C_Master_Init@c 0020           I2C_Master_Read@a 0070  
                _TRISCbits 0087        start_initialization 07FC          ??_I2C_Master_Init 0024  
        ??_I2C_Master_Read 0072          ??_I2C_Master_Wait 0070          ??_I2C_Master_Stop 0070  
                ___latbits 0002              __pcstackBANK0 0020           _I2C_Master_Start 0679  
         _I2C_Master_Write 068B                   ?___lldiv 0070             __size_of_setup 0021  
      I2C_Master_Read@temp 0074           __size_of___lldiv 0066            _I2C_Master_Init 06F1  
          _I2C_Master_Read 06C3            _I2C_Master_Wait 0695            _I2C_Master_Stop 0682  
            __size_of_main 006D   __end_of_I2C_Master_Start 0682   __end_of_I2C_Master_Write 0695  
         ___lldiv@dividend 0074                 _OSCCONbits 008F    __end_of_I2C_Master_Init 0729  
  __end_of_I2C_Master_Read 06F1    __end_of_I2C_Master_Wait 06A2    __end_of_I2C_Master_Stop 068B  
         ___lldiv@quotient 0079          I2C_Master_Write@d 0070                _SSPCON2bits 0091  
